Copyright 1986-2020 Xilinx, Inc. All Rights Reserved.
------------------------------------------------------------------------------------
| Tool Version : Vivado v.2020.1 (win64) Build 2902540 Wed May 27 19:54:49 MDT 2020
| Date         : Mon Nov  2 16:58:38 2020
| Host         : DESKTOP-39FN3EH running 64-bit major release  (build 9200)
| Command      : report_control_sets -verbose -file lab5_control_sets_placed.rpt
| Design       : lab5
| Device       : xc7a35ti
------------------------------------------------------------------------------------

Control Set Information

Table of Contents
-----------------
1. Summary
2. Histogram
3. Flip-Flop Distribution
4. Detailed Control Set Information

1. Summary
----------

+----------------------------------------------------------+-------+
|                          Status                          | Count |
+----------------------------------------------------------+-------+
| Total control sets                                       |    51 |
|    Minimum number of control sets                        |    51 |
|    Addition due to synthesis replication                 |     0 |
|    Addition due to physical synthesis replication        |     0 |
| Unused register locations in slices containing registers |   173 |
+----------------------------------------------------------+-------+
* Control sets can be merged at opt_design using control_set_merge or merge_equivalent_drivers
** Run report_qor_suggestions for automated merging and remapping suggestions


2. Histogram
------------

+--------------------+-------+
|       Fanout       | Count |
+--------------------+-------+
| Total control sets |    51 |
| >= 0 to < 4        |     0 |
| >= 4 to < 6        |    15 |
| >= 6 to < 8        |     4 |
| >= 8 to < 10       |     0 |
| >= 10 to < 12      |    15 |
| >= 12 to < 14      |     0 |
| >= 14 to < 16      |     2 |
| >= 16              |    15 |
+--------------------+-------+
* Control sets can be remapped at either synth_design or opt_design


3. Flip-Flop Distribution
-------------------------

+--------------+-----------------------+------------------------+-----------------+--------------+
| Clock Enable | Synchronous Set/Reset | Asynchronous Set/Reset | Total Registers | Total Slices |
+--------------+-----------------------+------------------------+-----------------+--------------+
| No           | No                    | No                     |             121 |           39 |
| No           | No                    | Yes                    |               0 |            0 |
| No           | Yes                   | No                     |              22 |            7 |
| Yes          | No                    | No                     |              25 |           15 |
| Yes          | No                    | Yes                    |               0 |            0 |
| Yes          | Yes                   | No                     |             643 |          226 |
+--------------+-----------------------+------------------------+-----------------+--------------+


4. Detailed Control Set Information
-----------------------------------

+----------------+------------------------------+----------------------------+------------------+----------------+--------------+
|  Clock Signal  |         Enable Signal        |      Set/Reset Signal      | Slice Load Count | Bel Load Count | Bels / Slice |
+----------------+------------------------------+----------------------------+------------------+----------------+--------------+
|  clk_IBUF_BUFG | cursor[5]_i_2_n_0            | cursor[5]_i_1_n_0          |                2 |              4 |         2.00 |
|  clk_IBUF_BUFG | lcd0/icode[3]_i_1_n_0        |                            |                1 |              4 |         4.00 |
|  clk_IBUF_BUFG | lcd0/tcode[3]_i_1_n_0        |                            |                2 |              4 |         2.00 |
|  clk_IBUF_BUFG | fibo[208]_i_2_n_0            | fibo[208]_i_1_n_0          |                2 |              5 |         2.50 |
|  clk_IBUF_BUFG | fibo[336]_i_2_n_0            | fibo[336]_i_1_n_0          |                2 |              5 |         2.50 |
|  clk_IBUF_BUFG | fibo[288]_i_2_n_0            | fibo[290]_i_1_n_0          |                1 |              5 |         5.00 |
|  clk_IBUF_BUFG | fibo[48]_i_2_n_0             | fibo[50]_i_1_n_0           |                2 |              5 |         2.50 |
|  clk_IBUF_BUFG | fibo[304]_i_2_n_0            | fibo[306]_i_1_n_0          |                1 |              5 |         5.00 |
|  clk_IBUF_BUFG | fibo[80]_i_2_n_0             | fibo[80]_i_1_n_0           |                2 |              5 |         2.50 |
|  clk_IBUF_BUFG | fibo[32]_i_2_n_0             | fibo[34]_i_1_n_0           |                2 |              5 |         2.50 |
|  clk_IBUF_BUFG | fibo[272]_i_2_n_0            | fibo[272]_i_1_n_0          |                1 |              5 |         5.00 |
|  clk_IBUF_BUFG | fibo[96]_i_2_n_0             | fibo[98]_i_1_n_0           |                3 |              5 |         1.67 |
|  clk_IBUF_BUFG | fibo[144]_i_2_n_0            | fibo[144]_i_1_n_0          |                2 |              5 |         2.50 |
|  clk_IBUF_BUFG | fibo[16]_i_2_n_0             | fibo[16]_i_1_n_0           |                2 |              5 |         2.50 |
|  clk_IBUF_BUFG | fibo[352]_i_2_n_0            | fibo[354]_i_1_n_0          |                3 |              5 |         1.67 |
|  clk_IBUF_BUFG | fibo[112]_i_2_n_0            | fibo[114]_i_1_n_0          |                2 |              6 |         3.00 |
|  clk_IBUF_BUFG | fibo[0]_i_2_n_0              | fibo[0]_i_1_n_0            |                2 |              6 |         3.00 |
|  clk_IBUF_BUFG | fibo[256]_i_2_n_0            | fibo[256]_i_1_n_0          |                2 |              7 |         3.50 |
|  clk_IBUF_BUFG | lcd0/lcd_initialized_reg_n_0 | lcd0/reset_n               |                2 |              7 |         3.50 |
|  clk_IBUF_BUFG | fibo[16]_i_2_n_0             | fibo[17]_i_1_n_0           |                3 |             10 |         3.33 |
|  clk_IBUF_BUFG | fibo[256]_i_2_n_0            | fibo[257]_i_1_n_0          |                3 |             10 |         3.33 |
|  clk_IBUF_BUFG | fibo[0]_i_2_n_0              | fibo[1]_i_1_n_0            |                4 |             10 |         2.50 |
|  clk_IBUF_BUFG | fibo[112]_i_2_n_0            | fibo[112]_i_1_n_0          |                5 |             10 |         2.00 |
|  clk_IBUF_BUFG | fibo[304]_i_2_n_0            | fibo[304]_i_1_n_0          |                4 |             11 |         2.75 |
|  clk_IBUF_BUFG | fibo[208]_i_2_n_0            | fibo[209]_i_1_n_0          |                6 |             11 |         1.83 |
|  clk_IBUF_BUFG | fibo[272]_i_2_n_0            | fibo[273]_i_1_n_0          |                6 |             11 |         1.83 |
|  clk_IBUF_BUFG | fibo[288]_i_2_n_0            | fibo[288]_i_1_n_0          |                7 |             11 |         1.57 |
|  clk_IBUF_BUFG | fibo[32]_i_2_n_0             | fibo[32]_i_1_n_0           |                6 |             11 |         1.83 |
|  clk_IBUF_BUFG | fibo[352]_i_2_n_0            | fibo[352]_i_1_n_0          |                4 |             11 |         2.75 |
|  clk_IBUF_BUFG | fibo[96]_i_2_n_0             | fibo[96]_i_1_n_0           |                5 |             11 |         2.20 |
|  clk_IBUF_BUFG | fibo[80]_i_2_n_0             | fibo[81]_i_1_n_0           |                8 |             11 |         1.38 |
|  clk_IBUF_BUFG | fibo[144]_i_2_n_0            | fibo[145]_i_1_n_0          |                4 |             11 |         2.75 |
|  clk_IBUF_BUFG | fibo[48]_i_2_n_0             | fibo[48]_i_1_n_0           |                6 |             11 |         1.83 |
|  clk_IBUF_BUFG | fibo[336]_i_2_n_0            | fibo[337]_i_1_n_0          |                4 |             11 |         2.75 |
|  clk_IBUF_BUFG | fibo[176]_i_2_n_0            | fibo[176]_i_1_n_0          |                5 |             15 |         3.00 |
|  clk_IBUF_BUFG | fibo[224]_i_2_n_0            | fibo[224]_i_1_n_0          |                4 |             15 |         3.75 |
|  clk_IBUF_BUFG | fibo[368]_i_2_n_0            | fibo[368]_i_1_n_0          |               10 |             16 |         1.60 |
|  clk_IBUF_BUFG | fibo[384]_i_2_n_0            | fibo[384]_i_1_n_0          |                6 |             16 |         2.67 |
|  clk_IBUF_BUFG | fibo[240]_i_2_n_0            | fibo[240]_i_1_n_0          |                9 |             16 |         1.78 |
|  clk_IBUF_BUFG | fibo[64]_i_2_n_0             | fibo[64]_i_1_n_0           |                7 |             16 |         2.29 |
|  clk_IBUF_BUFG | fibo[128]_i_2_n_0            | fibo[128]_i_1_n_0          |                4 |             16 |         4.00 |
|  clk_IBUF_BUFG | fibo[320]_i_2_n_0            | fibo[320]_i_1_n_0          |                7 |             16 |         2.29 |
|  clk_IBUF_BUFG | fibo[192]_i_2_n_0            | fibo[192]_i_1_n_0          |                5 |             17 |         3.40 |
|  clk_IBUF_BUFG | fibo[162]_i_1_n_0            |                            |               12 |             17 |         1.42 |
|  clk_IBUF_BUFG | row_B                        | row_A[126]_i_1_n_0         |                5 |             21 |         4.20 |
|  clk_IBUF_BUFG |                              | btn_db0/clear              |                7 |             22 |         3.14 |
|  clk_IBUF_BUFG | lcd0/lcd_initialized_reg_n_0 | lcd0/text_count[0]_i_1_n_0 |                7 |             25 |         3.57 |
|  clk_IBUF_BUFG | lcd0/init_e_i_2_n_0          | lcd0/reset_n               |                7 |             32 |         4.57 |
|  clk_IBUF_BUFG | row_B                        | row_B[126]_i_1_n_0         |               13 |             36 |         2.77 |
|  clk_IBUF_BUFG |                              |                            |               39 |            121 |         3.10 |
|  clk_IBUF_BUFG | row_B                        | lcd0/reset_n               |               29 |            135 |         4.66 |
+----------------+------------------------------+----------------------------+------------------+----------------+--------------+


