
*** Running vivado
    with args -log lab5.vdi -applog -m64 -product Vivado -messageDb vivado.pb -mode batch -source lab5.tcl -notrace



****** Vivado v2020.1 (64-bit)
  **** SW Build 2902540 on Wed May 27 19:54:49 MDT 2020
  **** IP Build 2902112 on Wed May 27 22:43:36 MDT 2020
    ** Copyright 1986-2020 Xilinx, Inc. All Rights Reserved.

source lab5.tcl -notrace
Command: link_design -top lab5 -part xc7a35ticsg324-1L
Design is defaulting to srcset: sources_1
Design is defaulting to constrset: constrs_1
INFO: [Device 21-403] Loading part xc7a35ticsg324-1L
Netlist sorting complete. Time (s): cpu = 00:00:00 ; elapsed = 00:00:00.009 . Memory (MB): peak = 1013.246 ; gain = 0.000
INFO: [Netlist 29-17] Analyzing 183 Unisim elements for replacement
INFO: [Netlist 29-28] Unisim Transformation completed in 0 CPU seconds
WARNING: [Netlist 29-101] Netlist 'lab5' is not ideal for floorplanning, since the cellview 'lab5' contains a large number of primitives.  Please consider enabling hierarchy in synthesis if you want to do floorplanning.
INFO: [Project 1-479] Netlist was created with Vivado 2020.1
INFO: [Project 1-570] Preparing netlist for logic optimization
Parsing XDC File [C:/Users/Shlab24/Desktop/nctu-digital-circuit-lab-5/lab 5/lab 5.src/lab5.xdc]
Finished Parsing XDC File [C:/Users/Shlab24/Desktop/nctu-digital-circuit-lab-5/lab 5/lab 5.src/lab5.xdc]
INFO: [Opt 31-138] Pushed 0 inverter(s) to 0 load pin(s).
Netlist sorting complete. Time (s): cpu = 00:00:00 ; elapsed = 00:00:00.001 . Memory (MB): peak = 1013.246 ; gain = 0.000
INFO: [Project 1-111] Unisim Transformation Summary:
No Unisim elements were transformed.

7 Infos, 1 Warnings, 0 Critical Warnings and 0 Errors encountered.
link_design completed successfully
link_design: Time (s): cpu = 00:00:06 ; elapsed = 00:00:06 . Memory (MB): peak = 1013.246 ; gain = 0.000
Command: opt_design
Attempting to get a license for feature 'Implementation' and/or device 'xc7a35ti'
INFO: [Common 17-349] Got license for feature 'Implementation' and/or device 'xc7a35ti'
Running DRC as a precondition to command opt_design

Starting DRC Task
INFO: [DRC 23-27] Running DRC with 2 threads
INFO: [Project 1-461] DRC finished with 0 Errors
INFO: [Project 1-462] Please refer to the DRC report (report_drc) for more information.

Time (s): cpu = 00:00:01 ; elapsed = 00:00:00.837 . Memory (MB): peak = 1013.246 ; gain = 0.000

Starting Cache Timing Information Task
INFO: [Timing 38-35] Done setting XDC timing constraints.
Ending Cache Timing Information Task | Checksum: 1548abd15

Time (s): cpu = 00:00:08 ; elapsed = 00:00:08 . Memory (MB): peak = 1235.406 ; gain = 222.160

Starting Logic Optimization Task

Phase 1 Retarget
INFO: [Opt 31-138] Pushed 0 inverter(s) to 0 load pin(s).
INFO: [Opt 31-49] Retargeted 0 cell(s).
Phase 1 Retarget | Checksum: 1548abd15

Time (s): cpu = 00:00:00 ; elapsed = 00:00:00.060 . Memory (MB): peak = 1437.266 ; gain = 0.000
INFO: [Opt 31-389] Phase Retarget created 0 cells and removed 0 cells

Phase 2 Constant propagation
INFO: [Opt 31-138] Pushed 0 inverter(s) to 0 load pin(s).
Phase 2 Constant propagation | Checksum: 1548abd15

Time (s): cpu = 00:00:00 ; elapsed = 00:00:00.072 . Memory (MB): peak = 1437.266 ; gain = 0.000
INFO: [Opt 31-389] Phase Constant propagation created 0 cells and removed 0 cells

Phase 3 Sweep
Phase 3 Sweep | Checksum: 70698b13

Time (s): cpu = 00:00:00 ; elapsed = 00:00:00.090 . Memory (MB): peak = 1437.266 ; gain = 0.000
INFO: [Opt 31-389] Phase Sweep created 0 cells and removed 0 cells

Phase 4 BUFG optimization
Phase 4 BUFG optimization | Checksum: 70698b13

Time (s): cpu = 00:00:00 ; elapsed = 00:00:00.118 . Memory (MB): peak = 1437.266 ; gain = 0.000
INFO: [Opt 31-662] Phase BUFG optimization created 0 cells of which 0 are BUFGs and removed 0 cells.

Phase 5 Shift Register Optimization
INFO: [Opt 31-1064] SRL Remap converted 0 SRLs to 0 registers and converted 0 registers of register chains to 0 SRLs
Phase 5 Shift Register Optimization | Checksum: 70698b13

Time (s): cpu = 00:00:00 ; elapsed = 00:00:00.136 . Memory (MB): peak = 1437.266 ; gain = 0.000
INFO: [Opt 31-389] Phase Shift Register Optimization created 0 cells and removed 0 cells

Phase 6 Post Processing Netlist
Phase 6 Post Processing Netlist | Checksum: 70698b13

Time (s): cpu = 00:00:00 ; elapsed = 00:00:00.142 . Memory (MB): peak = 1437.266 ; gain = 0.000
INFO: [Opt 31-389] Phase Post Processing Netlist created 0 cells and removed 0 cells
Opt_design Change Summary
=========================


-------------------------------------------------------------------------------------------------------------------------
|  Phase                        |  #Cells created  |  #Cells Removed  |  #Constrained objects preventing optimizations  |
-------------------------------------------------------------------------------------------------------------------------
|  Retarget                     |               0  |               0  |                                              0  |
|  Constant propagation         |               0  |               0  |                                              0  |
|  Sweep                        |               0  |               0  |                                              0  |
|  BUFG optimization            |               0  |               0  |                                              0  |
|  Shift Register Optimization  |               0  |               0  |                                              0  |
|  Post Processing Netlist      |               0  |               0  |                                              0  |
-------------------------------------------------------------------------------------------------------------------------



Starting Connectivity Check Task

Time (s): cpu = 00:00:00 ; elapsed = 00:00:00.003 . Memory (MB): peak = 1437.266 ; gain = 0.000
Ending Logic Optimization Task | Checksum: 19c81e397

Time (s): cpu = 00:00:00 ; elapsed = 00:00:00.173 . Memory (MB): peak = 1437.266 ; gain = 0.000

Starting Power Optimization Task
INFO: [Pwropt 34-132] Skipping clock gating for clocks with a period < 2.00 ns.
Ending Power Optimization Task | Checksum: 19c81e397

Time (s): cpu = 00:00:00 ; elapsed = 00:00:00.007 . Memory (MB): peak = 1437.266 ; gain = 0.000

Starting Final Cleanup Task
Ending Final Cleanup Task | Checksum: 19c81e397

Time (s): cpu = 00:00:00 ; elapsed = 00:00:00 . Memory (MB): peak = 1437.266 ; gain = 0.000

Starting Netlist Obfuscation Task
Netlist sorting complete. Time (s): cpu = 00:00:00 ; elapsed = 00:00:00 . Memory (MB): peak = 1437.266 ; gain = 0.000
Ending Netlist Obfuscation Task | Checksum: 19c81e397

Time (s): cpu = 00:00:00 ; elapsed = 00:00:00 . Memory (MB): peak = 1437.266 ; gain = 0.000
INFO: [Common 17-83] Releasing license: Implementation
24 Infos, 1 Warnings, 0 Critical Warnings and 0 Errors encountered.
opt_design completed successfully
opt_design: Time (s): cpu = 00:00:11 ; elapsed = 00:00:11 . Memory (MB): peak = 1437.266 ; gain = 424.020
INFO: [Timing 38-480] Writing timing data to binary archive.
Writing placer database...
Writing XDEF routing.
Writing XDEF routing logical nets.
Writing XDEF routing special nets.
Write XDEF Complete: Time (s): cpu = 00:00:00 ; elapsed = 00:00:00.036 . Memory (MB): peak = 1437.266 ; gain = 0.000
INFO: [Common 17-1381] The checkpoint 'C:/Users/Shlab24/Desktop/nctu-digital-circuit-lab-5/lab 5/lab 5.runs/impl_1/lab5_opt.dcp' has been generated.
INFO: [runtcl-4] Executing : report_drc -file lab5_drc_opted.rpt -pb lab5_drc_opted.pb -rpx lab5_drc_opted.rpx
Command: report_drc -file lab5_drc_opted.rpt -pb lab5_drc_opted.pb -rpx lab5_drc_opted.rpx
INFO: [IP_Flow 19-234] Refreshing IP repositories
INFO: [IP_Flow 19-1704] No user IP repositories specified
INFO: [IP_Flow 19-2313] Loaded Vivado IP repository 'C:/Xilinx/Vivado/2020.1/data/ip'.
INFO: [DRC 23-27] Running DRC with 2 threads
INFO: [Coretcl 2-168] The results of DRC are in file C:/Users/Shlab24/Desktop/nctu-digital-circuit-lab-5/lab 5/lab 5.runs/impl_1/lab5_drc_opted.rpt.
report_drc completed successfully
Command: place_design
Attempting to get a license for feature 'Implementation' and/or device 'xc7a35ti'
INFO: [Common 17-349] Got license for feature 'Implementation' and/or device 'xc7a35ti'
INFO: [DRC 23-27] Running DRC with 2 threads
INFO: [Vivado_Tcl 4-198] DRC finished with 0 Errors
INFO: [Vivado_Tcl 4-199] Please refer to the DRC report (report_drc) for more information.
Running DRC as a precondition to command place_design
INFO: [DRC 23-27] Running DRC with 2 threads
INFO: [Vivado_Tcl 4-198] DRC finished with 0 Errors
INFO: [Vivado_Tcl 4-199] Please refer to the DRC report (report_drc) for more information.

Starting Placer Task
INFO: [Place 30-611] Multithreading enabled for place_design using a maximum of 2 CPUs

Phase 1 Placer Initialization

Phase 1.1 Placer Initialization Netlist Sorting
Netlist sorting complete. Time (s): cpu = 00:00:00 ; elapsed = 00:00:00 . Memory (MB): peak = 1437.266 ; gain = 0.000
Phase 1.1 Placer Initialization Netlist Sorting | Checksum: bb4fa703

Time (s): cpu = 00:00:00 ; elapsed = 00:00:00.004 . Memory (MB): peak = 1437.266 ; gain = 0.000
Netlist sorting complete. Time (s): cpu = 00:00:00 ; elapsed = 00:00:00 . Memory (MB): peak = 1437.266 ; gain = 0.000

Phase 1.2 IO Placement/ Clock Placement/ Build Placer Device
INFO: [Timing 38-35] Done setting XDC timing constraints.
Phase 1.2 IO Placement/ Clock Placement/ Build Placer Device | Checksum: 174aa4db0

Time (s): cpu = 00:00:01 ; elapsed = 00:00:00.580 . Memory (MB): peak = 1437.266 ; gain = 0.000

Phase 1.3 Build Placer Netlist Model
Phase 1.3 Build Placer Netlist Model | Checksum: 20096d1a2

Time (s): cpu = 00:00:01 ; elapsed = 00:00:00.834 . Memory (MB): peak = 1437.266 ; gain = 0.000

Phase 1.4 Constrain Clocks/Macros
Phase 1.4 Constrain Clocks/Macros | Checksum: 20096d1a2

Time (s): cpu = 00:00:01 ; elapsed = 00:00:00.837 . Memory (MB): peak = 1437.266 ; gain = 0.000
Phase 1 Placer Initialization | Checksum: 20096d1a2

Time (s): cpu = 00:00:01 ; elapsed = 00:00:00.841 . Memory (MB): peak = 1437.266 ; gain = 0.000

Phase 2 Global Placement

Phase 2.1 Floorplanning
Phase 2.1 Floorplanning | Checksum: 2328063f2

Time (s): cpu = 00:00:01 ; elapsed = 00:00:00.946 . Memory (MB): peak = 1437.266 ; gain = 0.000

Phase 2.2 Global Placement Core

Phase 2.2.1 Physical Synthesis In Placer
INFO: [Physopt 32-1035] Found 0 LUTNM shape to break, 24 LUT instances to create LUTNM shape
INFO: [Physopt 32-1044] Break lutnm for timing: one critical 0, two critical 0, total 0, new lutff created 0
INFO: [Physopt 32-775] End 1 Pass. Optimized 10 nets or cells. Created 0 new cell, deleted 10 existing cells and moved 0 existing cell
INFO: [Physopt 32-65] No nets found for high-fanout optimization.
INFO: [Physopt 32-232] Optimized 0 net. Created 0 new instance.
INFO: [Physopt 32-775] End 1 Pass. Optimized 0 net or cell. Created 0 new cell, deleted 0 existing cell and moved 0 existing cell
INFO: [Physopt 32-670] No setup violation found.  DSP Register Optimization was not performed.
INFO: [Physopt 32-670] No setup violation found.  Shift Register to Pipeline Optimization was not performed.
INFO: [Physopt 32-670] No setup violation found.  Shift Register Optimization was not performed.
INFO: [Physopt 32-670] No setup violation found.  BRAM Register Optimization was not performed.
INFO: [Physopt 32-670] No setup violation found.  URAM Register Optimization was not performed.
INFO: [Physopt 32-949] No candidate nets found for HD net replication
INFO: [Physopt 32-775] End 1 Pass. Optimized 0 net or cell. Created 0 new cell, deleted 0 existing cell and moved 0 existing cell
Netlist sorting complete. Time (s): cpu = 00:00:00 ; elapsed = 00:00:00 . Memory (MB): peak = 1437.266 ; gain = 0.000

Summary of Physical Synthesis Optimizations
============================================


-----------------------------------------------------------------------------------------------------------------------------------------------------------
|  Optimization                                     |  Added Cells  |  Removed Cells  |  Optimized Cells/Nets  |  Dont Touch  |  Iterations  |  Elapsed   |
-----------------------------------------------------------------------------------------------------------------------------------------------------------
|  LUT Combining                                    |            0  |             10  |                    10  |           0  |           1  |  00:00:00  |
|  Very High Fanout                                 |            0  |              0  |                     0  |           0  |           1  |  00:00:00  |
|  DSP Register                                     |            0  |              0  |                     0  |           0  |           0  |  00:00:00  |
|  Shift Register to Pipeline                       |            0  |              0  |                     0  |           0  |           0  |  00:00:00  |
|  Shift Register                                   |            0  |              0  |                     0  |           0  |           0  |  00:00:00  |
|  BRAM Register                                    |            0  |              0  |                     0  |           0  |           0  |  00:00:00  |
|  URAM Register                                    |            0  |              0  |                     0  |           0  |           0  |  00:00:00  |
|  Dynamic/Static Region Interface Net Replication  |            0  |              0  |                     0  |           0  |           1  |  00:00:00  |
|  Total                                            |            0  |             10  |                    10  |           0  |           3  |  00:00:00  |
-----------------------------------------------------------------------------------------------------------------------------------------------------------


Phase 2.2.1 Physical Synthesis In Placer | Checksum: fefd13bd

Time (s): cpu = 00:00:04 ; elapsed = 00:00:02 . Memory (MB): peak = 1437.266 ; gain = 0.000
Phase 2.2 Global Placement Core | Checksum: 1173def0a

Time (s): cpu = 00:00:04 ; elapsed = 00:00:02 . Memory (MB): peak = 1437.266 ; gain = 0.000
Phase 2 Global Placement | Checksum: 1173def0a

Time (s): cpu = 00:00:04 ; elapsed = 00:00:02 . Memory (MB): peak = 1437.266 ; gain = 0.000

Phase 3 Detail Placement

Phase 3.1 Commit Multi Column Macros
Phase 3.1 Commit Multi Column Macros | Checksum: 1dbc87764

Time (s): cpu = 00:00:04 ; elapsed = 00:00:02 . Memory (MB): peak = 1437.266 ; gain = 0.000

Phase 3.2 Commit Most Macros & LUTRAMs
Phase 3.2 Commit Most Macros & LUTRAMs | Checksum: 11b89e08e

Time (s): cpu = 00:00:04 ; elapsed = 00:00:03 . Memory (MB): peak = 1437.266 ; gain = 0.000

Phase 3.3 Area Swap Optimization
Phase 3.3 Area Swap Optimization | Checksum: a5a526d7

Time (s): cpu = 00:00:04 ; elapsed = 00:00:03 . Memory (MB): peak = 1437.266 ; gain = 0.000

Phase 3.4 Pipeline Register Optimization
Phase 3.4 Pipeline Register Optimization | Checksum: 166d7e4dd

Time (s): cpu = 00:00:04 ; elapsed = 00:00:03 . Memory (MB): peak = 1437.266 ; gain = 0.000

Phase 3.5 Small Shape Detail Placement
Phase 3.5 Small Shape Detail Placement | Checksum: 5adb967f

Time (s): cpu = 00:00:05 ; elapsed = 00:00:03 . Memory (MB): peak = 1437.266 ; gain = 0.000

Phase 3.6 Re-assign LUT pins
Phase 3.6 Re-assign LUT pins | Checksum: c0a00656

Time (s): cpu = 00:00:05 ; elapsed = 00:00:03 . Memory (MB): peak = 1437.266 ; gain = 0.000

Phase 3.7 Pipeline Register Optimization
Phase 3.7 Pipeline Register Optimization | Checksum: 18f4ec850

Time (s): cpu = 00:00:05 ; elapsed = 00:00:03 . Memory (MB): peak = 1437.266 ; gain = 0.000
Phase 3 Detail Placement | Checksum: 18f4ec850

Time (s): cpu = 00:00:05 ; elapsed = 00:00:03 . Memory (MB): peak = 1437.266 ; gain = 0.000

Phase 4 Post Placement Optimization and Clean-Up

Phase 4.1 Post Commit Optimization
INFO: [Timing 38-35] Done setting XDC timing constraints.

Phase 4.1.1 Post Placement Optimization
Post Placement Optimization Initialization | Checksum: 1fa5eab15

Phase 4.1.1.1 BUFG Insertion

Starting Physical Synthesis Task

Phase 1 Physical Synthesis Initialization
INFO: [Physopt 32-721] Multithreading enabled for phys_opt_design using a maximum of 2 CPUs
INFO: [Physopt 32-619] Estimated Timing Summary | WNS=1.722 | TNS=0.000 |
Phase 1 Physical Synthesis Initialization | Checksum: 244a82765

Time (s): cpu = 00:00:00 ; elapsed = 00:00:00.058 . Memory (MB): peak = 1448.414 ; gain = 0.000
INFO: [Place 46-56] BUFG insertion identified 0 candidate nets. Inserted BUFG: 0, Replicated BUFG Driver: 0, Skipped due to Placement/Routing Conflicts: 0, Skipped due to Timing Degradation: 0, Skipped due to Illegal Netlist: 0.
Ending Physical Synthesis Task | Checksum: 248b47cb3

Time (s): cpu = 00:00:00 ; elapsed = 00:00:00.061 . Memory (MB): peak = 1448.414 ; gain = 0.000
Phase 4.1.1.1 BUFG Insertion | Checksum: 1fa5eab15

Time (s): cpu = 00:00:06 ; elapsed = 00:00:04 . Memory (MB): peak = 1448.414 ; gain = 11.148
INFO: [Place 30-746] Post Placement Timing Summary WNS=1.722. For the most accurate timing information please run report_timing.
Phase 4.1.1 Post Placement Optimization | Checksum: 1c727b02e

Time (s): cpu = 00:00:06 ; elapsed = 00:00:04 . Memory (MB): peak = 1448.414 ; gain = 11.148
Phase 4.1 Post Commit Optimization | Checksum: 1c727b02e

Time (s): cpu = 00:00:06 ; elapsed = 00:00:04 . Memory (MB): peak = 1448.414 ; gain = 11.148

Phase 4.2 Post Placement Cleanup
Phase 4.2 Post Placement Cleanup | Checksum: 1c727b02e

Time (s): cpu = 00:00:06 ; elapsed = 00:00:04 . Memory (MB): peak = 1448.414 ; gain = 11.148

Phase 4.3 Placer Reporting
Phase 4.3 Placer Reporting | Checksum: 1c727b02e

Time (s): cpu = 00:00:06 ; elapsed = 00:00:04 . Memory (MB): peak = 1448.414 ; gain = 11.148

Phase 4.4 Final Placement Cleanup
Netlist sorting complete. Time (s): cpu = 00:00:00 ; elapsed = 00:00:00 . Memory (MB): peak = 1448.414 ; gain = 0.000
Phase 4.4 Final Placement Cleanup | Checksum: 17cbec31d

Time (s): cpu = 00:00:06 ; elapsed = 00:00:04 . Memory (MB): peak = 1448.414 ; gain = 11.148
Phase 4 Post Placement Optimization and Clean-Up | Checksum: 17cbec31d

Time (s): cpu = 00:00:06 ; elapsed = 00:00:04 . Memory (MB): peak = 1448.414 ; gain = 11.148
Ending Placer Task | Checksum: 11d19530e

Time (s): cpu = 00:00:06 ; elapsed = 00:00:04 . Memory (MB): peak = 1448.414 ; gain = 11.148
INFO: [Common 17-83] Releasing license: Implementation
60 Infos, 1 Warnings, 0 Critical Warnings and 0 Errors encountered.
place_design completed successfully
INFO: [Timing 38-480] Writing timing data to binary archive.
Writing placer database...
Writing XDEF routing.
Writing XDEF routing logical nets.
Writing XDEF routing special nets.
Write XDEF Complete: Time (s): cpu = 00:00:00 ; elapsed = 00:00:00.125 . Memory (MB): peak = 1448.434 ; gain = 0.020
INFO: [Common 17-1381] The checkpoint 'C:/Users/Shlab24/Desktop/nctu-digital-circuit-lab-5/lab 5/lab 5.runs/impl_1/lab5_placed.dcp' has been generated.
INFO: [runtcl-4] Executing : report_io -file lab5_io_placed.rpt
report_io: Time (s): cpu = 00:00:01 ; elapsed = 00:00:00.041 . Memory (MB): peak = 1448.434 ; gain = 0.000
INFO: [runtcl-4] Executing : report_utilization -file lab5_utilization_placed.rpt -pb lab5_utilization_placed.pb
INFO: [runtcl-4] Executing : report_control_sets -verbose -file lab5_control_sets_placed.rpt
report_control_sets: Time (s): cpu = 00:00:00 ; elapsed = 00:00:00.009 . Memory (MB): peak = 1448.434 ; gain = 0.000
Command: route_design
Attempting to get a license for feature 'Implementation' and/or device 'xc7a35ti'
INFO: [Common 17-349] Got license for feature 'Implementation' and/or device 'xc7a35ti'
Running DRC as a precondition to command route_design
INFO: [DRC 23-27] Running DRC with 2 threads
INFO: [Vivado_Tcl 4-198] DRC finished with 0 Errors
INFO: [Vivado_Tcl 4-199] Please refer to the DRC report (report_drc) for more information.


Starting Routing Task
INFO: [Route 35-254] Multithreading enabled for route_design using a maximum of 2 CPUs
Checksum: PlaceDB: 96e8c044 ConstDB: 0 ShapeSum: 863092ca RouteDB: 0

Phase 1 Build RT Design
Phase 1 Build RT Design | Checksum: 119a88363

Time (s): cpu = 00:00:18 ; elapsed = 00:00:15 . Memory (MB): peak = 1535.043 ; gain = 76.551
Post Restoration Checksum: NetGraph: c6b9564c NumContArr: 52ef2d17 Constraints: 0 Timing: 0

Phase 2 Router Initialization

Phase 2.1 Create Timer
Phase 2.1 Create Timer | Checksum: 119a88363

Time (s): cpu = 00:00:18 ; elapsed = 00:00:15 . Memory (MB): peak = 1567.359 ; gain = 108.867

Phase 2.2 Fix Topology Constraints
Phase 2.2 Fix Topology Constraints | Checksum: 119a88363

Time (s): cpu = 00:00:18 ; elapsed = 00:00:15 . Memory (MB): peak = 1573.406 ; gain = 114.914

Phase 2.3 Pre Route Cleanup
Phase 2.3 Pre Route Cleanup | Checksum: 119a88363

Time (s): cpu = 00:00:18 ; elapsed = 00:00:15 . Memory (MB): peak = 1573.406 ; gain = 114.914
 Number of Nodes with overlaps = 0

Phase 2.4 Update Timing
Phase 2.4 Update Timing | Checksum: 206330de5

Time (s): cpu = 00:00:18 ; elapsed = 00:00:16 . Memory (MB): peak = 1580.648 ; gain = 122.156
INFO: [Route 35-416] Intermediate Timing Summary | WNS=1.882  | TNS=0.000  | WHS=-0.110 | THS=-5.584 |

Phase 2 Router Initialization | Checksum: 2c295f253

Time (s): cpu = 00:00:19 ; elapsed = 00:00:16 . Memory (MB): peak = 1580.648 ; gain = 122.156

Router Utilization Summary
  Global Vertical Routing Utilization    = 0 %
  Global Horizontal Routing Utilization  = 0 %
  Routable Net Status*
  *Does not include unroutable nets such as driverless and loadless.
  Run report_route_status for detailed report.
  Number of Failed Nets               = 1341
    (Failed Nets is the sum of unrouted and partially routed nets)
  Number of Unrouted Nets             = 1341
  Number of Partially Routed Nets     = 0
  Number of Node Overlaps             = 0


Phase 3 Initial Routing
Phase 3 Initial Routing | Checksum: c29cf915

Time (s): cpu = 00:00:19 ; elapsed = 00:00:16 . Memory (MB): peak = 1582.199 ; gain = 123.707

Phase 4 Rip-up And Reroute

Phase 4.1 Global Iteration 0
 Number of Nodes with overlaps = 468
 Number of Nodes with overlaps = 121
 Number of Nodes with overlaps = 53
 Number of Nodes with overlaps = 18
 Number of Nodes with overlaps = 8
 Number of Nodes with overlaps = 3
 Number of Nodes with overlaps = 0
INFO: [Route 35-416] Intermediate Timing Summary | WNS=1.868  | TNS=0.000  | WHS=N/A    | THS=N/A    |

Phase 4.1 Global Iteration 0 | Checksum: 1aaf81a7d

Time (s): cpu = 00:00:22 ; elapsed = 00:00:18 . Memory (MB): peak = 1583.258 ; gain = 124.766
Phase 4 Rip-up And Reroute | Checksum: 1aaf81a7d

Time (s): cpu = 00:00:22 ; elapsed = 00:00:18 . Memory (MB): peak = 1583.258 ; gain = 124.766

Phase 5 Delay and Skew Optimization

Phase 5.1 Delay CleanUp

Phase 5.1.1 Update Timing
Phase 5.1.1 Update Timing | Checksum: 1b9dff642

Time (s): cpu = 00:00:22 ; elapsed = 00:00:18 . Memory (MB): peak = 1583.258 ; gain = 124.766
INFO: [Route 35-416] Intermediate Timing Summary | WNS=1.948  | TNS=0.000  | WHS=N/A    | THS=N/A    |

Phase 5.1 Delay CleanUp | Checksum: 1b9dff642

Time (s): cpu = 00:00:22 ; elapsed = 00:00:18 . Memory (MB): peak = 1583.258 ; gain = 124.766

Phase 5.2 Clock Skew Optimization
Phase 5.2 Clock Skew Optimization | Checksum: 1b9dff642

Time (s): cpu = 00:00:22 ; elapsed = 00:00:18 . Memory (MB): peak = 1583.258 ; gain = 124.766
Phase 5 Delay and Skew Optimization | Checksum: 1b9dff642

Time (s): cpu = 00:00:22 ; elapsed = 00:00:18 . Memory (MB): peak = 1583.258 ; gain = 124.766

Phase 6 Post Hold Fix

Phase 6.1 Hold Fix Iter

Phase 6.1.1 Update Timing
Phase 6.1.1 Update Timing | Checksum: 16fdaea57

Time (s): cpu = 00:00:22 ; elapsed = 00:00:18 . Memory (MB): peak = 1583.258 ; gain = 124.766
INFO: [Route 35-416] Intermediate Timing Summary | WNS=1.948  | TNS=0.000  | WHS=0.144  | THS=0.000  |

Phase 6.1 Hold Fix Iter | Checksum: 1bb3046a9

Time (s): cpu = 00:00:22 ; elapsed = 00:00:18 . Memory (MB): peak = 1583.258 ; gain = 124.766
Phase 6 Post Hold Fix | Checksum: 1bb3046a9

Time (s): cpu = 00:00:22 ; elapsed = 00:00:18 . Memory (MB): peak = 1583.258 ; gain = 124.766

Phase 7 Route finalize

Router Utilization Summary
  Global Vertical Routing Utilization    = 0.57554 %
  Global Horizontal Routing Utilization  = 0.665799 %
  Routable Net Status*
  *Does not include unroutable nets such as driverless and loadless.
  Run report_route_status for detailed report.
  Number of Failed Nets               = 0
    (Failed Nets is the sum of unrouted and partially routed nets)
  Number of Unrouted Nets             = 0
  Number of Partially Routed Nets     = 0
  Number of Node Overlaps             = 0

Phase 7 Route finalize | Checksum: 22782c107

Time (s): cpu = 00:00:22 ; elapsed = 00:00:18 . Memory (MB): peak = 1583.258 ; gain = 124.766

Phase 8 Verifying routed nets

 Verification completed successfully
Phase 8 Verifying routed nets | Checksum: 22782c107

Time (s): cpu = 00:00:22 ; elapsed = 00:00:18 . Memory (MB): peak = 1584.262 ; gain = 125.770

Phase 9 Depositing Routes
Phase 9 Depositing Routes | Checksum: 1fd25cdd2

Time (s): cpu = 00:00:22 ; elapsed = 00:00:18 . Memory (MB): peak = 1584.262 ; gain = 125.770

Phase 10 Post Router Timing
INFO: [Route 35-57] Estimated Timing Summary | WNS=1.948  | TNS=0.000  | WHS=0.144  | THS=0.000  |

INFO: [Route 35-327] The final timing numbers are based on the router estimated timing analysis. For a complete and accurate timing signoff, please run report_timing_summary.
Phase 10 Post Router Timing | Checksum: 1fd25cdd2

Time (s): cpu = 00:00:22 ; elapsed = 00:00:18 . Memory (MB): peak = 1584.262 ; gain = 125.770
INFO: [Route 35-16] Router Completed Successfully

Time (s): cpu = 00:00:22 ; elapsed = 00:00:18 . Memory (MB): peak = 1584.262 ; gain = 125.770

Routing Is Done.
INFO: [Common 17-83] Releasing license: Implementation
78 Infos, 1 Warnings, 0 Critical Warnings and 0 Errors encountered.
route_design completed successfully
route_design: Time (s): cpu = 00:00:23 ; elapsed = 00:00:19 . Memory (MB): peak = 1584.262 ; gain = 135.828
INFO: [Timing 38-480] Writing timing data to binary archive.
Writing placer database...
Writing XDEF routing.
Writing XDEF routing logical nets.
Writing XDEF routing special nets.
Write XDEF Complete: Time (s): cpu = 00:00:01 ; elapsed = 00:00:00.156 . Memory (MB): peak = 1594.160 ; gain = 9.898
INFO: [Common 17-1381] The checkpoint 'C:/Users/Shlab24/Desktop/nctu-digital-circuit-lab-5/lab 5/lab 5.runs/impl_1/lab5_routed.dcp' has been generated.
INFO: [runtcl-4] Executing : report_drc -file lab5_drc_routed.rpt -pb lab5_drc_routed.pb -rpx lab5_drc_routed.rpx
Command: report_drc -file lab5_drc_routed.rpt -pb lab5_drc_routed.pb -rpx lab5_drc_routed.rpx
INFO: [IP_Flow 19-1839] IP Catalog is up to date.
INFO: [DRC 23-27] Running DRC with 2 threads
INFO: [Coretcl 2-168] The results of DRC are in file C:/Users/Shlab24/Desktop/nctu-digital-circuit-lab-5/lab 5/lab 5.runs/impl_1/lab5_drc_routed.rpt.
report_drc completed successfully
INFO: [runtcl-4] Executing : report_methodology -file lab5_methodology_drc_routed.rpt -pb lab5_methodology_drc_routed.pb -rpx lab5_methodology_drc_routed.rpx
Command: report_methodology -file lab5_methodology_drc_routed.rpt -pb lab5_methodology_drc_routed.pb -rpx lab5_methodology_drc_routed.rpx
INFO: [Timing 38-35] Done setting XDC timing constraints.
INFO: [DRC 23-133] Running Methodology with 2 threads
INFO: [Coretcl 2-1520] The results of Report Methodology are in file C:/Users/Shlab24/Desktop/nctu-digital-circuit-lab-5/lab 5/lab 5.runs/impl_1/lab5_methodology_drc_routed.rpt.
report_methodology completed successfully
INFO: [runtcl-4] Executing : report_power -file lab5_power_routed.rpt -pb lab5_power_summary_routed.pb -rpx lab5_power_routed.rpx
Command: report_power -file lab5_power_routed.rpt -pb lab5_power_summary_routed.pb -rpx lab5_power_routed.rpx
INFO: [Timing 38-35] Done setting XDC timing constraints.
Running Vector-less Activity Propagation...

Finished Running Vector-less Activity Propagation
90 Infos, 1 Warnings, 0 Critical Warnings and 0 Errors encountered.
report_power completed successfully
INFO: [runtcl-4] Executing : report_route_status -file lab5_route_status.rpt -pb lab5_route_status.pb
INFO: [runtcl-4] Executing : report_timing_summary -max_paths 10 -file lab5_timing_summary_routed.rpt -pb lab5_timing_summary_routed.pb -rpx lab5_timing_summary_routed.rpx -warn_on_violation 
INFO: [Timing 38-91] UpdateTimingParams: Speed grade: -1L, Delay Type: min_max.
INFO: [Timing 38-191] Multithreading enabled for timing update using a maximum of 2 CPUs
INFO: [runtcl-4] Executing : report_incremental_reuse -file lab5_incremental_reuse_routed.rpt
INFO: [Vivado_Tcl 4-1062] Incremental flow is disabled. No incremental reuse Info to report.
INFO: [runtcl-4] Executing : report_clock_utilization -file lab5_clock_utilization_routed.rpt
INFO: [runtcl-4] Executing : report_bus_skew -warn_on_violation -file lab5_bus_skew_routed.rpt -pb lab5_bus_skew_routed.pb -rpx lab5_bus_skew_routed.rpx
INFO: [Timing 38-91] UpdateTimingParams: Speed grade: -1L, Delay Type: min_max.
INFO: [Timing 38-191] Multithreading enabled for timing update using a maximum of 2 CPUs
Command: write_bitstream -force lab5.bit
Attempting to get a license for feature 'Implementation' and/or device 'xc7a35ti'
INFO: [Common 17-349] Got license for feature 'Implementation' and/or device 'xc7a35ti'
Running DRC as a precondition to command write_bitstream
INFO: [IP_Flow 19-1839] IP Catalog is up to date.
INFO: [DRC 23-27] Running DRC with 2 threads
INFO: [Vivado 12-3199] DRC finished with 0 Errors
INFO: [Vivado 12-3200] Please refer to the DRC report (report_drc) for more information.
INFO: [Designutils 20-2272] Running write_bitstream with 2 threads.
Loading data files...
Loading site data...
Loading route data...
Processing options...
Creating bitmap...
Creating bitstream...
Writing bitstream ./lab5.bit...
INFO: [Vivado 12-1842] Bitgen Completed Successfully.
INFO: [Project 1-120] WebTalk data collection is mandatory when using a WebPACK part without a full Vivado license. To see the specific WebTalk data collected for your design, open the usage_statistics_webtalk.html or usage_statistics_webtalk.xml file in the implementation directory.
INFO: [Common 17-83] Releasing license: Implementation
109 Infos, 1 Warnings, 0 Critical Warnings and 0 Errors encountered.
write_bitstream completed successfully
write_bitstream: Time (s): cpu = 00:00:12 ; elapsed = 00:00:15 . Memory (MB): peak = 2034.055 ; gain = 405.949
INFO: [Common 17-206] Exiting Vivado at Mon Nov  2 00:49:07 2020...
